1508941671.168875 client started (71308): version 2.5, socket /private/tmp/tmux-501/default, protocol 8
1508941671.168959 on Darwin 16.7.0 Darwin Kernel Version 16.7.0: Thu Jun 15 17:36:27 PDT 2017; root:xnu-3789.70.16~2/RELEASE_X86_64; libevent 2.1.8-stable (select)
1508941671.169050 socket is /private/tmp/tmux-501/default
1508941671.169083 trying connect
1508941671.169251 add peer 0x7ff741801000: 7 (0x0)
1508941671.189788 sending message 100 to peer 0x7ff741801000 (4 bytes)
1508941671.189826 sending message 101 to peer 0x7ff741801000 (16 bytes)
1508941671.189833 sending message 102 to peer 0x7ff741801000 (13 bytes)
1508941671.189837 sending message 108 to peer 0x7ff741801000 (31 bytes)
1508941671.189892 sending message 104 to peer 0x7ff741801000 (0 bytes)
1508941671.189910 sending message 107 to peer 0x7ff741801000 (4 bytes)
1508941671.189942 sending message 105 to peer 0x7ff741801000 (20 bytes)
1508941671.189948 sending message 105 to peer 0x7ff741801000 (20 bytes)
1508941671.189952 sending message 105 to peer 0x7ff741801000 (18 bytes)
1508941671.189956 sending message 105 to peer 0x7ff741801000 (20 bytes)
1508941671.189960 sending message 105 to peer 0x7ff741801000 (23 bytes)
1508941671.189964 sending message 105 to peer 0x7ff741801000 (20 bytes)
1508941671.189968 sending message 105 to peer 0x7ff741801000 (36 bytes)
1508941671.189972 sending message 105 to peer 0x7ff741801000 (20 bytes)
1508941671.189976 sending message 105 to peer 0x7ff741801000 (44 bytes)
1508941671.189980 sending message 105 to peer 0x7ff741801000 (14 bytes)
1508941671.189984 sending message 105 to peer 0x7ff741801000 (20 bytes)
1508941671.189988 sending message 105 to peer 0x7ff741801000 (16 bytes)
1508941671.189992 sending message 105 to peer 0x7ff741801000 (21 bytes)
1508941671.189996 sending message 105 to peer 0x7ff741801000 (20 bytes)
1508941671.189999 sending message 105 to peer 0x7ff741801000 (20 bytes)
1508941671.190003 sending message 105 to peer 0x7ff741801000 (50 bytes)
1508941671.190007 sending message 105 to peer 0x7ff741801000 (57 bytes)
1508941671.190011 sending message 105 to peer 0x7ff741801000 (76 bytes)
1508941671.190015 sending message 105 to peer 0x7ff741801000 (28 bytes)
1508941671.190019 sending message 105 to peer 0x7ff741801000 (45 bytes)
1508941671.190023 sending message 105 to peer 0x7ff741801000 (50 bytes)
1508941671.190027 sending message 105 to peer 0x7ff741801000 (60 bytes)
1508941671.190031 sending message 105 to peer 0x7ff741801000 (20 bytes)
1508941671.190035 sending message 105 to peer 0x7ff741801000 (34 bytes)
1508941671.190039 sending message 105 to peer 0x7ff741801000 (28 bytes)
1508941671.190049 sending message 105 to peer 0x7ff741801000 (20 bytes)
1508941671.190054 sending message 105 to peer 0x7ff741801000 (27 bytes)
1508941671.190058 sending message 105 to peer 0x7ff741801000 (20 bytes)
1508941671.190061 sending message 105 to peer 0x7ff741801000 (12 bytes)
1508941671.190065 sending message 105 to peer 0x7ff741801000 (44 bytes)
1508941671.190069 sending message 105 to peer 0x7ff741801000 (20 bytes)
1508941671.190073 sending message 105 to peer 0x7ff741801000 (76 bytes)
1508941671.190077 sending message 105 to peer 0x7ff741801000 (20 bytes)
1508941671.190081 sending message 105 to peer 0x7ff741801000 (20 bytes)
1508941671.190084 sending message 105 to peer 0x7ff741801000 (38 bytes)
1508941671.190088 sending message 105 to peer 0x7ff741801000 (28 bytes)
1508941671.190092 sending message 105 to peer 0x7ff741801000 (67 bytes)
1508941671.190096 sending message 105 to peer 0x7ff741801000 (91 bytes)
1508941671.190100 sending message 105 to peer 0x7ff741801000 (46 bytes)
1508941671.190104 sending message 105 to peer 0x7ff741801000 (38 bytes)
1508941671.190108 sending message 105 to peer 0x7ff741801000 (30 bytes)
1508941671.190112 sending message 105 to peer 0x7ff741801000 (26 bytes)
1508941671.190115 sending message 105 to peer 0x7ff741801000 (42 bytes)
1508941671.190119 sending message 105 to peer 0x7ff741801000 (26 bytes)
1508941671.190123 sending message 105 to peer 0x7ff741801000 (26 bytes)
1508941671.190127 sending message 105 to peer 0x7ff741801000 (26 bytes)
1508941671.190147 sending message 105 to peer 0x7ff741801000 (25 bytes)
1508941671.190152 sending message 105 to peer 0x7ff741801000 (995 bytes)
1508941671.190157 sending message 105 to peer 0x7ff741801000 (26 bytes)
1508941671.190161 sending message 105 to peer 0x7ff741801000 (39 bytes)
1508941671.190165 sending message 105 to peer 0x7ff741801000 (26 bytes)
1508941671.190169 sending message 105 to peer 0x7ff741801000 (45 bytes)
1508941671.190172 sending message 105 to peer 0x7ff741801000 (26 bytes)
1508941671.190176 sending message 105 to peer 0x7ff741801000 (33 bytes)
1508941671.190180 sending message 105 to peer 0x7ff741801000 (29 bytes)
1508941671.190184 sending message 105 to peer 0x7ff741801000 (34 bytes)
1508941671.190188 sending message 105 to peer 0x7ff741801000 (35 bytes)
1508941671.190191 sending message 105 to peer 0x7ff741801000 (75 bytes)
1508941671.190195 sending message 105 to peer 0x7ff741801000 (40 bytes)
1508941671.190202 sending message 105 to peer 0x7ff741801000 (11 bytes)
1508941671.190206 sending message 105 to peer 0x7ff741801000 (49 bytes)
1508941671.190210 sending message 105 to peer 0x7ff741801000 (17 bytes)
1508941671.190214 sending message 105 to peer 0x7ff741801000 (22 bytes)
1508941671.190218 sending message 105 to peer 0x7ff741801000 (50 bytes)
1508941671.190221 sending message 105 to peer 0x7ff741801000 (43 bytes)
1508941671.190225 sending message 105 to peer 0x7ff741801000 (25 bytes)
1508941671.190229 sending message 105 to peer 0x7ff741801000 (20 bytes)
1508941671.190233 sending message 105 to peer 0x7ff741801000 (14 bytes)
1508941671.190237 sending message 105 to peer 0x7ff741801000 (26 bytes)
1508941671.190241 sending message 105 to peer 0x7ff741801000 (25 bytes)
1508941671.190245 sending message 105 to peer 0x7ff741801000 (14 bytes)
1508941671.190249 sending message 105 to peer 0x7ff741801000 (25 bytes)
1508941671.190253 sending message 105 to peer 0x7ff741801000 (22 bytes)
1508941671.190256 sending message 105 to peer 0x7ff741801000 (25 bytes)
1508941671.190260 sending message 105 to peer 0x7ff741801000 (25 bytes)
1508941671.190264 sending message 105 to peer 0x7ff741801000 (37 bytes)
1508941671.190268 sending message 105 to peer 0x7ff741801000 (19 bytes)
1508941671.190272 sending message 105 to peer 0x7ff741801000 (81 bytes)
1508941671.190276 sending message 105 to peer 0x7ff741801000 (28 bytes)
1508941671.190279 sending message 105 to peer 0x7ff741801000 (14 bytes)
1508941671.190283 sending message 105 to peer 0x7ff741801000 (19 bytes)
1508941671.190287 sending message 105 to peer 0x7ff741801000 (24 bytes)
1508941671.190291 sending message 105 to peer 0x7ff741801000 (8 bytes)
1508941671.190295 sending message 105 to peer 0x7ff741801000 (25 bytes)
1508941671.190299 sending message 105 to peer 0x7ff741801000 (25 bytes)
1508941671.190303 sending message 105 to peer 0x7ff741801000 (29 bytes)
1508941671.190307 sending message 105 to peer 0x7ff741801000 (19 bytes)
1508941671.190311 sending message 105 to peer 0x7ff741801000 (52 bytes)
1508941671.190315 sending message 105 to peer 0x7ff741801000 (19 bytes)
1508941671.190319 sending message 105 to peer 0x7ff741801000 (61 bytes)
1508941671.190323 sending message 105 to peer 0x7ff741801000 (21 bytes)
1508941671.190327 sending message 105 to peer 0x7ff741801000 (19 bytes)
1508941671.190331 sending message 105 to peer 0x7ff741801000 (15 bytes)
1508941671.190335 sending message 105 to peer 0x7ff741801000 (19 bytes)
1508941671.190339 sending message 105 to peer 0x7ff741801000 (19 bytes)
1508941671.190345 sending message 105 to peer 0x7ff741801000 (86 bytes)
1508941671.190350 sending message 105 to peer 0x7ff741801000 (19 bytes)
1508941671.190353 sending message 105 to peer 0x7ff741801000 (19 bytes)
1508941671.190357 sending message 105 to peer 0x7ff741801000 (24 bytes)
1508941671.190361 sending message 105 to peer 0x7ff741801000 (52 bytes)
1508941671.190365 sending message 105 to peer 0x7ff741801000 (19 bytes)
1508941671.190369 sending message 105 to peer 0x7ff741801000 (19 bytes)
1508941671.190374 sending message 105 to peer 0x7ff741801000 (29 bytes)
1508941671.190383 sending message 105 to peer 0x7ff741801000 (19 bytes)
1508941671.190387 sending message 105 to peer 0x7ff741801000 (24 bytes)
1508941671.190391 sending message 105 to peer 0x7ff741801000 (17 bytes)
1508941671.190395 sending message 105 to peer 0x7ff741801000 (52 bytes)
1508941671.190399 sending message 105 to peer 0x7ff741801000 (22 bytes)
1508941671.190403 sending message 105 to peer 0x7ff741801000 (17 bytes)
1508941671.190407 sending message 105 to peer 0x7ff741801000 (15 bytes)
1508941671.190411 sending message 106 to peer 0x7ff741801000 (0 bytes)
1508941671.190421 sending message 200 to peer 0x7ff741801000 (4 bytes)
1508941671.190428 client loop enter
1508941671.191407 peer 0x7ff741801000 message 211
1508941671.191434 peer 0x7ff741801000 message 203
1508941671.191441 client loop exit
